C51 COMPILER V8.18   VENDINGMACHINE                                                        10/01/2013 16:49:49 PAGE 1   


C51 COMPILER V8.18, COMPILATION OF MODULE VENDINGMACHINE
OBJECT MODULE PLACED IN .\vendingmachine.obj
COMPILER INVOKED BY: D:\Keil\C51\BIN\C51.EXE ..\vendingmachine.c BROWSE DEBUG OBJECTEXTEND OBJECT(.\vendingmachine.obj)

line level    source

   1          #include<REG52.H>
   2          #include<stdio.h>
   3          unsigned char ch=0x00;
   4          void delay()
   5          {
   6   1      TMOD|=0x01;
   7   1      TH0=0xAF;
   8   1      TL0=0x3C;
   9   1      TF0=0;
  10   1      TR0=1;
  11   1      while(TF0==0);
  12   1      }
  13          main()
  14          {
  15   1       int i,c1=4,c2=3,c3=5;
  16   1       SCON=0x50;
  17   1       TMOD=0x20;
  18   1       TH1=0xDD;
  19   1       TR1=1;
  20   1       P2=ch;
  21   1       while(1)                               
  22   1       {
  23   2        for(i=0;i<100;i++)
  24   2         delay();
  25   2        if(P2^0==1)
  26   2        { 
  27   3          TI=1;
  28   3              printf("\n1.Coke Selected ..Pay within 1 sec..pressP2_6 to pay ");
  29   3              while(TI==0){}
  30   3              for(i=0;i<100;i++)
  31   3                delay();
  32   3              if(P2^6==1)
  33   3              {
  34   4                       if(c1>0)
  35   4                      {       
  36   5                               c1--;
  37   5                               TI=1;
  38   5                         printf("\nCoke Bought !!!");
  39   5                         while(TI==0){}
  40   5                      }
  41   4                      else
  42   4                      {
  43   5                         TI=1;
  44   5                         printf("\nNot Available ...Stock Finished !!!");
  45   5                         while(TI==0){}
  46   5                      }
  47   4          }
  48   3              else
  49   3              {
  50   4                TI=1;
  51   4                printf("\nAborted !!!");
  52   4                while(TI==0){}
  53   4              }
  54   3        }     
  55   2        else if(P2==0x02)
C51 COMPILER V8.18   VENDINGMACHINE                                                        10/01/2013 16:49:49 PAGE 2   

  56   2        { 
  57   3          TI=1;
  58   3              printf("\n1.Pepsi Selected ..Pay within 1 sec...pressP2_6 to pay");
  59   3              while(TI==0){}
  60   3              for(i=0;i<100;i++)
  61   3                delay();
  62   3              if(P2^6==1)
  63   3              {
  64   4                if(c2>0)
  65   4                      {       
  66   5                         c2--;
  67   5                     TI=1;
  68   5                         printf("\nPepsi Bought !!!");
  69   5                         while(TI==0){}
  70   5                      }
  71   4                else
  72   4                      {
  73   5                         TI=1;
  74   5                         printf("\nNot Available ...Stock Finished !!!");
  75   5                         while(TI==0){}
  76   5                      }
  77   4              }
  78   3              else
  79   3              {
  80   4                TI=1;
  81   4                printf("\nAborted !!!");
  82   4                while(TI==0){}
  83   4              }
  84   3        }
  85   2        else if(P2^2==1)
  86   2        { 
  87   3          TI=1;
  88   3              printf("\n1.Miranda Selected ..Pay within 1 sec..pressP2_6 to pay ");
  89   3              while(TI==0){}
  90   3              for(i=0;i<100;i++)
  91   3                delay();
  92   3              if(P2^6==1)
  93   3              {
  94   4                       if(c3>0)
  95   4                      {       
  96   5                               c3--;
  97   5                               TI=1;
  98   5                         printf("\nMiranda Bought !!!");
  99   5                         while(TI==0){}
 100   5                      }
 101   4                      else
 102   4                      {
 103   5                         TI=1;
 104   5                         printf("\nNot Available ...Stock Finished !!!");
 105   5                         while(TI==0){}               
 106   5                      }
 107   4              }
 108   3              else
 109   3              {
 110   4                TI=1;
 111   4                printf("\nAborted !!!");
 112   4                while(TI==0){}
 113   4              }
 114   3        }
 115   2        else if(P2^7==1)
 116   2        {
 117   3         TI=1;
C51 COMPILER V8.18   VENDINGMACHINE                                                        10/01/2013 16:49:49 PAGE 3   

 118   3         printf("\nCoke Sold:%d Earned:%d",4-c1,c1*10);
 119   3         while(TI==0){}
 120   3         TI=1;
 121   3         printf("\nPepsi Sold:%d Earned:%d",3-c2,c2*20);
 122   3         while(TI==0){}
 123   3         TI=1;
 124   3         printf("\nMiranda Sold:%d Earned:%d",5-c3,c3*30);
 125   3         while(TI==0){}
 126   3        }      
 127   2       P2=ch;
 128   2      }
 129   1      }


MODULE INFORMATION:   STATIC OVERLAYABLE
   CODE SIZE        =    592    ----
   CONSTANT SIZE    =    350    ----
   XDATA SIZE       =   ----    ----
   PDATA SIZE       =   ----    ----
   DATA SIZE        =      1       8
   IDATA SIZE       =   ----    ----
   BIT SIZE         =   ----    ----
END OF MODULE INFORMATION.


C51 COMPILATION COMPLETE.  0 WARNING(S),  0 ERROR(S)
