C51 COMPILER V8.05a   ECHOBACK                                                             08/20/2013 16:00:54 PAGE 1   


C51 COMPILER V8.05a, COMPILATION OF MODULE ECHOBACK
OBJECT MODULE PLACED IN echoback.OBJ
COMPILER INVOKED BY: d:\Keil\C51\BIN\C51.EXE echoback.c BROWSE DEBUG OBJECTEXTEND

line level    source

   1                          #include <at89c51xd2.h>
   2          void main(void)
   3          {
   4   1      unsigned char rx_byte;
   5   1      TMOD = 0x20; //timer 1 in mode 2 auto reload mode
   6   1      TH1 = 0xFA;
   7   1      TR1 = 1;
   8   1      SCON = 0x50;
   9   1      while(1)
  10   1      {
  11   2      while(RI == 0);
  12   2      rx_byte = SBUF;
  13   2      P1 = rx_byte;
  14   2      RI=0;
  15   2      SBUF = rx_byte;
  16   2      while(TI == 0);
  17   2      TI = 0;
  18   2      }
  19   1      }


MODULE INFORMATION:   STATIC OVERLAYABLE
   CODE SIZE        =     29    ----
   CONSTANT SIZE    =   ----    ----
   XDATA SIZE       =   ----    ----
   PDATA SIZE       =   ----    ----
   DATA SIZE        =   ----    ----
   IDATA SIZE       =   ----    ----
   BIT SIZE         =   ----    ----
END OF MODULE INFORMATION.


C51 COMPILATION COMPLETE.  0 WARNING(S),  0 ERROR(S)
