C51 COMPILER V8.18   HELLOWORLD                                                            07/23/2013 14:57:17 PAGE 1   


C51 COMPILER V8.18, COMPILATION OF MODULE HELLOWORLD
OBJECT MODULE PLACED IN helloworld.OBJ
COMPILER INVOKED BY: D:\Keil\C51\BIN\C51.EXE helloworld.c BROWSE DEBUG OBJECTEXTEND

line level    source

   1          #include <at89c51xd2.h>
   2          
   3          #define led P0
   4          
   5          void main ()
   6          {
   7   1              int i;
   8   1              led =0;
   9   1              while(1)                                                  
  10   1              {
  11   2                led=~led;
  12   2            for(i=0;i<1000;i++);
  13   2      
  14   2              }
  15   1      }


MODULE INFORMATION:   STATIC OVERLAYABLE
   CODE SIZE        =     22    ----
   CONSTANT SIZE    =   ----    ----
   XDATA SIZE       =   ----    ----
   PDATA SIZE       =   ----    ----
   DATA SIZE        =   ----    ----
   IDATA SIZE       =   ----    ----
   BIT SIZE         =   ----    ----
END OF MODULE INFORMATION.


C51 COMPILATION COMPLETE.  0 WARNING(S),  0 ERROR(S)
