C51 COMPILER V8.18   PARALLELPORT                                                          07/23/2013 15:54:31 PAGE 1   


C51 COMPILER V8.18, COMPILATION OF MODULE PARALLELPORT
OBJECT MODULE PLACED IN parallelport.OBJ
COMPILER INVOKED BY: D:\Keil\C51\BIN\C51.EXE parallelport.c BROWSE DEBUG OBJECTEXTEND

line level    source

   1          #include <at89c51xd2.h>
   2          sbit D0 = P0^0; // set P0.0-P0.7 (D0-D7) as input pins of mux
   3          sbit D1 = P0^1;
   4          sbit D2 = P0^2;
   5          sbit D3 = P0^3;
   6          sbit D4 = P0^4;
   7          sbit D5 = P0^5;
   8          sbit D6 = P0^6;
   9          sbit D7 = P0^7;
  10          sbit S0 = P1^0; // set P1.0-P1.2(S0-S2) as select pins of mux
  11          sbit S1 = P1^1;
  12          sbit S2 = P1^2;
  13          sbit EN = P1^7; // set P1.7 as enable pin
  14          sbit pin = P3^5; // set P3.5 as output
  15          main()
  16          {
  17   1      P3=0x00;P0=0xFF; // clear op and set all ips
  18   1      next:while(EN==1){} // wait till enable pin becomes 0
  19   1      if((S0==0)&&(S1==0)&&(S2==0)) pin = D0; // if select inputs are 000 op is       first ip
  20   1      else if((S0==1)&&(S1==0)&&(S2==0)) pin = D1; // if select inputs are 001 op is second ip
  21   1      else if((S0==0)&&(S1==1)&&(S2==0)) pin = D2; // same as above
  22   1      else if((S0==1)&&(S1==1)&&(S2==0)) pin = D3;
  23   1      else if((S0==0)&&(S1==0)&&(S2==1)) pin = D4;
  24   1      else if((S0==1)&&(S1==0)&&(S2==1)) pin = D5;
  25   1      else if((S0==0)&&(S1==1)&&(S2==1)) pin = D6;
  26   1      else if((S0==1)&&(S1==1)&&(S2==1)) pin = D7;  
  27   1      
  28   1      else pin = 0; // by default op is cleared
  29   1      goto next; // go for next input
  30   1      }


MODULE INFORMATION:   STATIC OVERLAYABLE
   CODE SIZE        =    133    ----
   CONSTANT SIZE    =   ----    ----
   XDATA SIZE       =   ----    ----
   PDATA SIZE       =   ----    ----
   DATA SIZE        =   ----    ----
   IDATA SIZE       =   ----    ----
   BIT SIZE         =   ----    ----
END OF MODULE INFORMATION.


C51 COMPILATION COMPLETE.  0 WARNING(S),  0 ERROR(S)
